<?xml version="1.0" encoding="UTF-8"?>
<!-- Generated by org.testng.reporters.JUnitXMLReporter -->
<testsuite hostname="MIFARDGOLLA-M2" failures="0" tests="16" name="BasicAdvanecourse" time="4.318" errors="0" timestamp="13 Feb 2020 04:02:27 GMT">
  <testcase classname="TestNgexamples.testClass" name="@BeforeClass setup" time="0.0">
    <failure type="org.openqa.selenium.SessionNotCreatedException" message="session not created: This version of ChromeDriver only supports Chrome version 78
  (Driver info: chromedriver=78.0.3904.105 (60e2d8774a8151efa6a00b1f358371b1e0e07ee2-refs/branch-heads/3904@{#877}),platform=Mac OS X 10.13.6 x86_64) (WARNING: The server did not provide any stacktrace information)
Command duration or timeout: 1.81 seconds
Build info: version: &amp;apos;2.53.1&amp;apos;, revision: &amp;apos;a36b8b1&amp;apos;, time: &amp;apos;2016-06-30 17:37:03&amp;apos;
System info: host: &amp;apos;MIFARDGOLLA-M2&amp;apos;, ip: &amp;apos;10.168.157.47&amp;apos;, os.name: &amp;apos;Mac OS X&amp;apos;, os.arch: &amp;apos;x86_64&amp;apos;, os.version: &amp;apos;10.13.6&amp;apos;, java.version: &amp;apos;9.0.4&amp;apos;
Driver info: org.openqa.selenium.chrome.ChromeDriver">
      <![CDATA[org.openqa.selenium.SessionNotCreatedException: session not created: This version of ChromeDriver only supports Chrome version 78
  (Driver info: chromedriver=78.0.3904.105 (60e2d8774a8151efa6a00b1f358371b1e0e07ee2-refs/branch-heads/3904@{#877}),platform=Mac OS X 10.13.6 x86_64) (WARNING: The server did not provide any stacktrace information)
Command duration or timeout: 1.81 seconds
Build info: version: '2.53.1', revision: 'a36b8b1', time: '2016-06-30 17:37:03'
System info: host: 'MIFARDGOLLA-M2', ip: '10.168.157.47', os.name: 'Mac OS X', os.arch: 'x86_64', os.version: '10.13.6', java.version: '9.0.4'
Driver info: org.openqa.selenium.chrome.ChromeDriver
	at org.openqa.selenium.remote.ErrorHandler.createThrowable(ErrorHandler.java:206)
	at org.openqa.selenium.remote.ErrorHandler.throwIfResponseFailed(ErrorHandler.java:158)
	at org.openqa.selenium.remote.RemoteWebDriver.execute(RemoteWebDriver.java:678)
	at org.openqa.selenium.remote.RemoteWebDriver.startSession(RemoteWebDriver.java:249)
	at org.openqa.selenium.remote.RemoteWebDriver.<init>(RemoteWebDriver.java:131)
	at org.openqa.selenium.remote.RemoteWebDriver.<init>(RemoteWebDriver.java:144)
	at org.openqa.selenium.chrome.ChromeDriver.<init>(ChromeDriver.java:170)
	at org.openqa.selenium.chrome.ChromeDriver.<init>(ChromeDriver.java:159)
	at org.openqa.selenium.chrome.ChromeDriver.<init>(ChromeDriver.java:116)
	at TestNgexamples.testClass.setup(testClass.java:32)
	at java.base/java.util.concurrent.FutureTask.run(FutureTask.java:264)
	at java.base/java.util.concurrent.ThreadPoolExecutor.runWorker(ThreadPoolExecutor.java:1167)
	at java.base/java.util.concurrent.ThreadPoolExecutor$Worker.run(ThreadPoolExecutor.java:641)
	at java.base/java.lang.Thread.run(Thread.java:844)
... Removed 20 stack frames]]>
    </failure>
  </testcase> <!-- @BeforeClass setup -->
  <testcase classname="TestNgexamples.testClass" name="@AfterClass tearDown" time="0.0">
    <skipped/>
  </testcase> <!-- @AfterClass tearDown -->
  <testcase classname="TestNgexamples.testClass" name="TC1_Basic" time="0.001">
    <skipped/>
  </testcase> <!-- TC1_Basic -->
  <testcase classname="TestNgexamples.testClass" name="TC2_Green" time="0.001">
    <skipped/>
  </testcase> <!-- TC2_Green -->
  <testcase classname="TestNgexamples.testClass" name="TC3_Frame" time="0.001">
    <skipped/>
  </testcase> <!-- TC3_Frame -->
  <testcase classname="TestNgexamples.testClass" name="TC4_Ftwo" time="0.0">
    <skipped/>
  </testcase> <!-- TC4_Ftwo -->
  <testcase classname="TestNgexamples.testClass" name="TC5_Comndpro" time="0.001">
    <skipped/>
  </testcase> <!-- TC5_Comndpro -->
  <testcase classname="TestNgexamples.testClass" name="TC6_dndd" time="0.001">
    <skipped/>
  </testcase> <!-- TC6_dndd -->
  <testcase classname="TestNgexamples.testClass" name="TC7_Popwin" time="0.001">
    <skipped/>
  </testcase> <!-- TC7_Popwin -->
  <testcase classname="TestNgexamples.testClass" name="TC8_Childpop" time="0.0">
    <skipped/>
  </testcase> <!-- TC8_Childpop -->
  <testcase classname="TestNgexamples.testClass" name="TC9_Proceed" time="0.0">
    <skipped/>
  </testcase> <!-- TC9_Proceed -->
  <testcase classname="TestNgexamples.testClass" name="TC10_Cookie" time="0.0">
    <skipped/>
  </testcase> <!-- TC10_Cookie -->
  <testcase classname="TestNgexamples.testClass" name="TC11_Advance" time="0.0">
    <skipped/>
  </testcase> <!-- TC11_Advance -->
  <testcase classname="TestNgexamples.testClass" name="TC12_MenuItem" time="0.0">
    <skipped/>
  </testcase> <!-- TC12_MenuItem -->
  <testcase classname="TestNgexamples.testClass" name="TC13_Sqldb" time="0.0">
    <skipped/>
  </testcase> <!-- TC13_Sqldb -->
  <testcase classname="TestNgexamples.testClass" name="TC14_Con1query" time="0.0">
    <skipped/>
  </testcase> <!-- TC14_Con1query -->
  <testcase classname="TestNgexamples.testClass" name="TC15_Con2query" time="0.0">
    <skipped/>
  </testcase> <!-- TC15_Con2query -->
  <testcase classname="TestNgexamples.testClass" name="TC16_Videocon" time="0.0">
    <skipped/>
  </testcase> <!-- TC16_Videocon -->
</testsuite> <!-- BasicAdvanecourse -->
